[2019-03-27 12:42:03] slim-bookshelf-api.INFO: Processing home action [] {"uid":"7ac99d3"}
[2019-03-27 12:46:23] slim-bookshelf-api.INFO: Processing home action [] {"uid":"f8e938b"}
[2019-03-27 12:49:13] slim-bookshelf-api.INFO: Processing '/' route [] {"uid":"d54888f"}
[2019-03-27 12:49:19] slim-bookshelf-api.INFO: Processing '/' route [] {"uid":"6ae1c41"}
[2019-03-27 12:49:23] slim-bookshelf-api.INFO: Processing '/' route [] {"uid":"caa68e5"}
[2019-03-27 12:49:33] slim-bookshelf-api.INFO: Processing '/' route [] {"uid":"82317df"}
[2019-03-28 12:58:51] slim-bookshelf-api.INFO: Processing home action [] {"uid":"04d81af"}
[2019-03-28 13:02:11] slim-bookshelf-api.INFO: Processing home action [] {"uid":"befc857"}
[2019-03-28 13:04:37] slim-bookshelf-api.INFO: Processing '/' route [] {"uid":"5debd11"}
[2019-03-28 13:20:18] slim-bookshelf-api.INFO: Processing home action [] {"uid":"a246d39"}
[2019-03-28 13:21:58] slim-bookshelf-api.INFO: Processing home action [] {"uid":"cc8f924"}
[2019-03-28 13:22:40] slim-bookshelf-api.INFO: Processing home action [] {"uid":"a7a7e5d"}
[2019-03-28 13:39:36] slim-bookshelf-api.INFO: Processing '/' route [] {"uid":"2fc2f06"}
[2019-03-28 13:39:56] slim-bookshelf-api.INFO: Processing '/' route [] {"uid":"68242dd"}
[2019-03-28 13:43:52] slim-bookshelf-api.INFO: Listing all authors [] {"uid":"551f860"}
[2019-03-28 13:44:47] slim-bookshelf-api.INFO: Listing all authors [] {"uid":"f97ff4c"}
[2019-04-08 17:22:31] maishapay-api.INFO: Processing '/' route [] {"uid":"a6b441c"}
[2019-04-08 17:22:53] maishapay-api.INFO: Processing home action [] {"uid":"30264fb"}
[2019-04-25 12:45:51] maishapay-api.INFO: Processing home action [] {"uid":"4b92b94"}
[2019-04-25 12:47:55] maishapay-api.INFO: Processing home action [] {"uid":"1dee896"}
[2019-04-25 12:51:57] maishapay-api.INFO: Processing '/' route [] {"uid":"b242bd4"}
[2019-04-25 12:52:03] maishapay-api.INFO: Processing home action [] {"uid":"9dbbd24"}
[2019-04-25 15:53:36] maishapay-api.INFO: Listing all customers [] {"uid":"f45fd04"}
[2019-04-25 16:01:48] maishapay-api.INFO: Creating a new client {"data":{"grant_type":"password","client_id":"client-id-814469d5-919f-4b67-9360-5b777b040c73","client_secret":"client-secret-6ee09212619727161f73d5e3f853a7a28b98646d","username":"customer-id-814469d5-919f-4b67-9360-5b777b040c73","password":"pwd-test-1234567890"}} {"uid":"6d90919"}
[2019-04-25 16:16:53] maishapay-api.INFO: Processing home action [] {"uid":"3c4a54b"}
[2019-04-25 16:21:34] maishapay-api.INFO: Processing home action [] {"uid":"5b8f819"}
[2019-04-25 16:42:39] maishapay-api.INFO: Creating a new client {"data":[]} {"uid":"9fb252c"}
[2019-04-25 16:50:26] maishapay-api.INFO: Creating a new client {"data":[]} {"uid":"108d0f0"}
[2019-04-25 16:50:26] maishapay-api.INFO: Creating a new client {"data":[]} {"uid":"3e2ee6f"}
[2019-04-25 16:50:27] maishapay-api.INFO: Creating a new client {"data":[]} {"uid":"37d7101"}
[2019-04-25 16:50:27] maishapay-api.INFO: Creating a new client {"data":[]} {"uid":"cc606a7"}
[2019-04-25 16:50:27] maishapay-api.INFO: Creating a new client {"data":[]} {"uid":"7d79071"}
[2019-04-25 16:50:27] maishapay-api.INFO: Creating a new client {"data":[]} {"uid":"4e034ca"}
[2019-04-25 16:50:28] maishapay-api.INFO: Creating a new client {"data":[]} {"uid":"54f4ea7"}
[2019-04-25 16:50:28] maishapay-api.INFO: Creating a new client {"data":[]} {"uid":"1ee3935"}
[2019-04-25 16:50:28] maishapay-api.INFO: Creating a new client {"data":[]} {"uid":"48686d9"}
[2019-04-25 16:50:28] maishapay-api.INFO: Creating a new client {"data":[]} {"uid":"ca501e5"}
[2019-04-25 16:50:29] maishapay-api.INFO: Creating a new client {"data":[]} {"uid":"8e8988a"}
[2019-04-25 16:51:20] maishapay-api.INFO: Creating a new client {"data":[]} {"uid":"c3297c2"}
[2019-04-25 16:51:21] maishapay-api.INFO: Creating a new client {"data":[]} {"uid":"3198d0d"}
[2019-04-25 16:51:22] maishapay-api.INFO: Creating a new client {"data":[]} {"uid":"452195c"}
[2019-04-25 16:51:44] maishapay-api.INFO: Creating a new client {"data":[]} {"uid":"2a17313"}
[2019-04-25 16:51:45] maishapay-api.INFO: Creating a new client {"data":[]} {"uid":"0abd9ab"}
[2019-04-25 16:51:46] maishapay-api.INFO: Creating a new client {"data":[]} {"uid":"397e85a"}
[2019-04-25 16:51:46] maishapay-api.INFO: Creating a new client {"data":[]} {"uid":"b86115f"}
[2019-04-25 16:51:46] maishapay-api.INFO: Creating a new client {"data":[]} {"uid":"c6d639d"}
[2019-04-25 16:51:47] maishapay-api.INFO: Creating a new client {"data":[]} {"uid":"fdbdfdd"}
[2019-04-25 16:53:51] maishapay-api.INFO: Creating a new client {"data":[]} {"uid":"b8b8362"}
[2019-04-25 16:53:52] maishapay-api.INFO: Creating a new client {"data":[]} {"uid":"e29e4fb"}
[2019-04-25 16:53:53] maishapay-api.INFO: Creating a new client {"data":[]} {"uid":"ebed017"}
[2019-04-25 16:55:01] maishapay-api.INFO: Listing all customers [] {"uid":"7ada76b"}
[2019-04-25 16:59:05] maishapay-api.INFO: Creating a new customer {"data":[]} {"uid":"7df0cd6"}
[2019-04-25 16:59:07] maishapay-api.INFO: Creating a new customer {"data":[]} {"uid":"bc3856f"}
[2019-04-25 16:59:08] maishapay-api.INFO: Creating a new customer {"data":[]} {"uid":"6862f81"}
[2019-04-25 16:59:09] maishapay-api.INFO: Creating a new customer {"data":[]} {"uid":"e2d3b68"}
[2019-04-25 16:59:11] maishapay-api.INFO: Creating a new customer {"data":[]} {"uid":"7f69078"}
[2019-04-25 16:59:12] maishapay-api.INFO: Creating a new customer {"data":[]} {"uid":"e50225c"}
[2019-04-25 16:59:13] maishapay-api.INFO: Creating a new customer {"data":[]} {"uid":"e06fe33"}
[2019-04-25 16:59:14] maishapay-api.INFO: Creating a new customer {"data":[]} {"uid":"ee3ae95"}
[2019-04-24 00:58:41] maishapay-api.INFO: Creating a new client {"data":{"grant_type":"password","client_id":"client-id-814469d5-919f-4b67-9360-5b777b040c73","client_secret":"client-secret-6ee09212619727161f73d5e3f853a7a28b98646d","username":"customer-id-814469d5-919f-4b67-9360-5b777b040c73","password":"pwd-test-1234567890"}} {"uid":"7a3d51d"}
[2019-04-24 00:59:22] maishapay-api.INFO: Creating a new client {"data":null} {"uid":"993230b"}
[2019-04-24 01:00:36] maishapay-api.INFO: Creating a new client {"data":null} {"uid":"2e45ac5"}
[2019-04-24 01:01:06] maishapay-api.INFO: Creating a new client {"data":null} {"uid":"a373bba"}
[2019-04-24 01:01:08] maishapay-api.INFO: Creating a new client {"data":null} {"uid":"6fc7600"}
[2019-04-24 01:01:14] maishapay-api.INFO: Creating a new client {"data":null} {"uid":"eb6b8e1"}
[2019-04-24 01:01:15] maishapay-api.INFO: Creating a new client {"data":null} {"uid":"cd5755e"}
[2019-04-24 01:01:15] maishapay-api.INFO: Creating a new client {"data":null} {"uid":"778f5f9"}
[2019-04-24 01:01:16] maishapay-api.INFO: Creating a new client {"data":null} {"uid":"9b779fd"}
[2019-04-24 01:03:42] maishapay-api.INFO: Creating a new client {"data":[]} {"uid":"dbe033d"}
[2019-04-24 01:04:56] maishapay-api.INFO: Creating a new client {"data":[]} {"uid":"2cf19a9"}
[2019-04-24 01:04:57] maishapay-api.INFO: Creating a new client {"data":[]} {"uid":"8d37878"}
[2019-04-24 01:04:59] maishapay-api.INFO: Creating a new client {"data":[]} {"uid":"49cc39b"}
[2019-04-27 03:39:51] maishapay-api.INFO: Creating a new client {"data":{"grant_type":"password","client_id":"client-id-814469d5-919f-4b67-9360-5b777b040c73","client_secret":"client-secret-6ee09212619727161f73d5e3f853a7a28b98646d","username":"customer-id-814469d5-919f-4b67-9360-5b777b040c73","password":"pwd-test-1234567890"}} {"uid":"7c985db"}
[2019-04-27 03:51:18] maishapay-api.INFO: Creating a new client {"data":{"grant_type":"client_credentials","client_id":"client-id-814469d5-919f-4b67-9360-5b777b040c73","client_secret":"client-secret-6ee09212619727161f73d5e3f853a7a28b98646d","username":"customer-id-814469d5-919f-4b67-9360-5b777b040c73","password":"pwd-test-1234567890"}} {"uid":"2c6f2e8"}
[2019-04-27 03:51:21] maishapay-api.INFO: Creating a new client {"data":{"grant_type":"client_credentials","client_id":"client-id-814469d5-919f-4b67-9360-5b777b040c73","client_secret":"client-secret-6ee09212619727161f73d5e3f853a7a28b98646d","username":"customer-id-814469d5-919f-4b67-9360-5b777b040c73","password":"pwd-test-1234567890"}} {"uid":"6bad0f7"}
[2019-04-27 03:51:21] maishapay-api.INFO: Creating a new client {"data":{"grant_type":"client_credentials","client_id":"client-id-814469d5-919f-4b67-9360-5b777b040c73","client_secret":"client-secret-6ee09212619727161f73d5e3f853a7a28b98646d","username":"customer-id-814469d5-919f-4b67-9360-5b777b040c73","password":"pwd-test-1234567890"}} {"uid":"59b2f43"}
[2019-04-27 03:51:29] maishapay-api.INFO: Creating a new client {"data":{"grant_type":"client_credentials","client_id":"client-id-814469d5-919f-4b67-9360-5b777b040c73","client_secret":"client-secret-6ee09212619727161f73d5e3f853a7a28b98646d","username":"customer-id-814469d5-919f-4b67-9360-5b777b040c73","password":"pwd-test-1234567890"}} {"uid":"1431cf9"}
[2019-04-27 03:51:30] maishapay-api.INFO: Creating a new client {"data":{"grant_type":"client_credentials","client_id":"client-id-814469d5-919f-4b67-9360-5b777b040c73","client_secret":"client-secret-6ee09212619727161f73d5e3f853a7a28b98646d","username":"customer-id-814469d5-919f-4b67-9360-5b777b040c73","password":"pwd-test-1234567890"}} {"uid":"ada3d28"}
[2019-04-27 03:51:30] maishapay-api.INFO: Creating a new client {"data":{"grant_type":"client_credentials","client_id":"client-id-814469d5-919f-4b67-9360-5b777b040c73","client_secret":"client-secret-6ee09212619727161f73d5e3f853a7a28b98646d","username":"customer-id-814469d5-919f-4b67-9360-5b777b040c73","password":"pwd-test-1234567890"}} {"uid":"fe4afb3"}
[2019-04-27 03:51:31] maishapay-api.INFO: Creating a new client {"data":{"grant_type":"client_credentials","client_id":"client-id-814469d5-919f-4b67-9360-5b777b040c73","client_secret":"client-secret-6ee09212619727161f73d5e3f853a7a28b98646d","username":"customer-id-814469d5-919f-4b67-9360-5b777b040c73","password":"pwd-test-1234567890"}} {"uid":"c01d50d"}
[2019-04-27 03:51:31] maishapay-api.INFO: Creating a new client {"data":{"grant_type":"client_credentials","client_id":"client-id-814469d5-919f-4b67-9360-5b777b040c73","client_secret":"client-secret-6ee09212619727161f73d5e3f853a7a28b98646d","username":"customer-id-814469d5-919f-4b67-9360-5b777b040c73","password":"pwd-test-1234567890"}} {"uid":"35753f5"}
[2019-04-27 03:51:45] maishapay-api.INFO: Creating a new client {"data":{"grant_type":"client_credentials","client_id":"client-id-814469d5-919f-4b67-9360-5b777b040c73","client_secret":"client-secret-6ee09212619727161f73d5e3f853a7a28b98646d","username":"customer-id-814469d5-919f-4b67-9360-5b777b040c73","password":"pwd-test-1234567890"}} {"uid":"d3ca8bf"}
[2019-04-27 03:52:15] maishapay-api.INFO: Creating a new client {"data":{"grant_type":"client_credentials","client_id":"client-id-814469d5-919f-4b67-9360-5b777b040c73","client_secret":"client-secret-6ee09212619727161f73d5e3f853a7a28b98646d","username":"customer-id-814469d5-919f-4b67-9360-5b777b040c73","password":"pwd-test-1234567890"}} {"uid":"159fc8a"}
[2019-04-27 03:53:15] maishapay-api.INFO: Creating a new client {"data":{"grant_type":"client_credentials","client_id":"client-id-814469d5-919f-4b67-9360-5b777b040c73","client_secret":"client-secret-6ee09212619727161f73d5e3f853a7a28b98646d","username":"customer-id-814469d5-919f-4b67-9360-5b777b040c73","password":"pwd-test-1234567890"}} {"uid":"b737af7"}
[2019-04-27 03:53:16] maishapay-api.INFO: Creating a new client {"data":{"grant_type":"client_credentials","client_id":"client-id-814469d5-919f-4b67-9360-5b777b040c73","client_secret":"client-secret-6ee09212619727161f73d5e3f853a7a28b98646d","username":"customer-id-814469d5-919f-4b67-9360-5b777b040c73","password":"pwd-test-1234567890"}} {"uid":"7e42d60"}
[2019-04-27 03:53:16] maishapay-api.INFO: Creating a new client {"data":{"grant_type":"client_credentials","client_id":"client-id-814469d5-919f-4b67-9360-5b777b040c73","client_secret":"client-secret-6ee09212619727161f73d5e3f853a7a28b98646d","username":"customer-id-814469d5-919f-4b67-9360-5b777b040c73","password":"pwd-test-1234567890"}} {"uid":"00580b3"}
[2019-04-27 03:53:17] maishapay-api.INFO: Creating a new client {"data":{"grant_type":"client_credentials","client_id":"client-id-814469d5-919f-4b67-9360-5b777b040c73","client_secret":"client-secret-6ee09212619727161f73d5e3f853a7a28b98646d","username":"customer-id-814469d5-919f-4b67-9360-5b777b040c73","password":"pwd-test-1234567890"}} {"uid":"c02ce73"}
[2019-04-27 03:53:35] maishapay-api.INFO: Creating a new client {"data":{"grant_type":"client_credentials","client_id":"client-id-814469d5-919f-4b67-9360-5b777b040c73","client_secret":"client-secret-6ee09212619727161f73d5e3f853a7a28b98646d","username":"customer-id-814469d5-919f-4b67-9360-5b777b040c73","password":"pwd-test-1234567890"}} {"uid":"2841426"}
[2019-04-27 03:53:36] maishapay-api.INFO: Creating a new client {"data":{"grant_type":"client_credentials","client_id":"client-id-814469d5-919f-4b67-9360-5b777b040c73","client_secret":"client-secret-6ee09212619727161f73d5e3f853a7a28b98646d","username":"customer-id-814469d5-919f-4b67-9360-5b777b040c73","password":"pwd-test-1234567890"}} {"uid":"f97ca59"}
[2019-04-27 03:53:36] maishapay-api.INFO: Creating a new client {"data":{"grant_type":"client_credentials","client_id":"client-id-814469d5-919f-4b67-9360-5b777b040c73","client_secret":"client-secret-6ee09212619727161f73d5e3f853a7a28b98646d","username":"customer-id-814469d5-919f-4b67-9360-5b777b040c73","password":"pwd-test-1234567890"}} {"uid":"2175400"}
[2019-04-27 03:53:36] maishapay-api.INFO: Creating a new client {"data":{"grant_type":"client_credentials","client_id":"client-id-814469d5-919f-4b67-9360-5b777b040c73","client_secret":"client-secret-6ee09212619727161f73d5e3f853a7a28b98646d","username":"customer-id-814469d5-919f-4b67-9360-5b777b040c73","password":"pwd-test-1234567890"}} {"uid":"2df435c"}
[2019-04-27 03:53:36] maishapay-api.INFO: Creating a new client {"data":{"grant_type":"client_credentials","client_id":"client-id-814469d5-919f-4b67-9360-5b777b040c73","client_secret":"client-secret-6ee09212619727161f73d5e3f853a7a28b98646d","username":"customer-id-814469d5-919f-4b67-9360-5b777b040c73","password":"pwd-test-1234567890"}} {"uid":"93fa448"}
[2019-04-27 03:53:38] maishapay-api.INFO: Creating a new client {"data":{"grant_type":"client_credentials","client_id":"client-id-814469d5-919f-4b67-9360-5b777b040c73","client_secret":"client-secret-6ee09212619727161f73d5e3f853a7a28b98646d","username":"customer-id-814469d5-919f-4b67-9360-5b777b040c73","password":"pwd-test-1234567890"}} {"uid":"f1443d2"}
[2019-04-27 03:53:39] maishapay-api.INFO: Creating a new client {"data":{"grant_type":"client_credentials","client_id":"client-id-814469d5-919f-4b67-9360-5b777b040c73","client_secret":"client-secret-6ee09212619727161f73d5e3f853a7a28b98646d","username":"customer-id-814469d5-919f-4b67-9360-5b777b040c73","password":"pwd-test-1234567890"}} {"uid":"757d81e"}
[2019-04-27 03:53:39] maishapay-api.INFO: Creating a new client {"data":{"grant_type":"client_credentials","client_id":"client-id-814469d5-919f-4b67-9360-5b777b040c73","client_secret":"client-secret-6ee09212619727161f73d5e3f853a7a28b98646d","username":"customer-id-814469d5-919f-4b67-9360-5b777b040c73","password":"pwd-test-1234567890"}} {"uid":"28b00a0"}
[2019-04-27 03:53:40] maishapay-api.INFO: Creating a new client {"data":{"grant_type":"client_credentials","client_id":"client-id-814469d5-919f-4b67-9360-5b777b040c73","client_secret":"client-secret-6ee09212619727161f73d5e3f853a7a28b98646d","username":"customer-id-814469d5-919f-4b67-9360-5b777b040c73","password":"pwd-test-1234567890"}} {"uid":"ae85fc7"}
[2019-04-27 03:53:40] maishapay-api.INFO: Creating a new client {"data":{"grant_type":"client_credentials","client_id":"client-id-814469d5-919f-4b67-9360-5b777b040c73","client_secret":"client-secret-6ee09212619727161f73d5e3f853a7a28b98646d","username":"customer-id-814469d5-919f-4b67-9360-5b777b040c73","password":"pwd-test-1234567890"}} {"uid":"c776c5b"}
[2019-04-27 03:53:40] maishapay-api.INFO: Creating a new client {"data":{"grant_type":"client_credentials","client_id":"client-id-814469d5-919f-4b67-9360-5b777b040c73","client_secret":"client-secret-6ee09212619727161f73d5e3f853a7a28b98646d","username":"customer-id-814469d5-919f-4b67-9360-5b777b040c73","password":"pwd-test-1234567890"}} {"uid":"4fbb029"}
[2019-04-27 03:53:41] maishapay-api.INFO: Creating a new client {"data":{"grant_type":"client_credentials","client_id":"client-id-814469d5-919f-4b67-9360-5b777b040c73","client_secret":"client-secret-6ee09212619727161f73d5e3f853a7a28b98646d","username":"customer-id-814469d5-919f-4b67-9360-5b777b040c73","password":"pwd-test-1234567890"}} {"uid":"c301444"}
[2019-04-27 03:54:29] maishapay-api.INFO: Creating a new client {"data":{"grant_type":"client_credentials","client_id":"client-id-814469d5-919f-4b67-9360-5b777b040c73","client_secret":"client-secret-6ee09212619727161f73d5e3f853a7a28b98646d","username":"customer-id-814469d5-919f-4b67-9360-5b777b040c73","password":"pwd-test-1234567890"}} {"uid":"0c721e7"}
[2019-04-27 03:54:30] maishapay-api.INFO: Creating a new client {"data":{"grant_type":"client_credentials","client_id":"client-id-814469d5-919f-4b67-9360-5b777b040c73","client_secret":"client-secret-6ee09212619727161f73d5e3f853a7a28b98646d","username":"customer-id-814469d5-919f-4b67-9360-5b777b040c73","password":"pwd-test-1234567890"}} {"uid":"3a04c45"}
[2019-04-27 03:54:45] maishapay-api.INFO: Creating a new client {"data":{"grant_type":"client_credentials","client_id":"client-id-814469d5-919f-4b67-9360-5b777b040c73","client_secret":"client-secret-6ee09212619727161f73d5e3f853a7a28b98646d","username":"customer-id-814469d5-919f-4b67-9360-5b777b040c73","password":"pwd-test-1234567890"}} {"uid":"f1c56ee"}
[2019-04-27 03:55:28] maishapay-api.INFO: Creating a new client {"data":{"grant_type":"client_credentials","client_id":"client-id-814469d5-919f-4b67-9360-5b777b040c73","client_secret":"client-secret-6ee09212619727161f73d5e3f853a7a28b98646d","username":"customer-id-814469d5-919f-4b67-9360-5b777b040c73","password":"pwd-test-1234567890"}} {"uid":"c5c6b6e"}
[2019-04-27 03:55:36] maishapay-api.INFO: Creating a new client {"data":{"grant_type":"client_credentials","client_id":"client-id-814469d5-919f-4b67-9360-5b777b040c73","client_secret":"client-secret-6ee09212619727161f73d5e3f853a7a28b98646d","username":"customer-id-814469d5-919f-4b67-9360-5b777b040c73","password":"pwd-test-1234567890"}} {"uid":"30d34f5"}
[2019-04-27 03:55:37] maishapay-api.INFO: Creating a new client {"data":{"grant_type":"client_credentials","client_id":"client-id-814469d5-919f-4b67-9360-5b777b040c73","client_secret":"client-secret-6ee09212619727161f73d5e3f853a7a28b98646d","username":"customer-id-814469d5-919f-4b67-9360-5b777b040c73","password":"pwd-test-1234567890"}} {"uid":"9869915"}
[2019-04-27 03:55:51] maishapay-api.INFO: Creating a new client {"data":{"grant_type":"client_credentials","client_id":"client-id-814469d5-919f-4b67-9360-5b777b040c73","client_secret":"client-secret-6ee09212619727161f73d5e3f853a7a28b98646d","username":"customer-id-814469d5-919f-4b67-9360-5b777b040c73","password":"pwd-test-1234567890"}} {"uid":"6d476f0"}
[2019-04-27 03:55:52] maishapay-api.INFO: Creating a new client {"data":{"grant_type":"client_credentials","client_id":"client-id-814469d5-919f-4b67-9360-5b777b040c73","client_secret":"client-secret-6ee09212619727161f73d5e3f853a7a28b98646d","username":"customer-id-814469d5-919f-4b67-9360-5b777b040c73","password":"pwd-test-1234567890"}} {"uid":"e829f7b"}
[2019-04-27 03:56:24] maishapay-api.INFO: Creating a new client {"data":{"grant_type":"client_credentials","client_id":"client-id-814469d5-919f-4b67-9360-5b777b040c73","client_secret":"client-secret-6ee09212619727161f73d5e3f853a7a28b98646d","username":"customer-id-814469d5-919f-4b67-9360-5b777b040c73","password":"pwd-test-1234567890"}} {"uid":"e0c98b2"}
[2019-04-27 03:56:27] maishapay-api.INFO: Creating a new client {"data":{"grant_type":"client_credentials","client_id":"client-id-814469d5-919f-4b67-9360-5b777b040c73","client_secret":"client-secret-6ee09212619727161f73d5e3f853a7a28b98646d","username":"customer-id-814469d5-919f-4b67-9360-5b777b040c73","password":"pwd-test-1234567890"}} {"uid":"2a71340"}
[2019-04-27 03:57:55] maishapay-api.INFO: Creating a new client {"data":{"grant_type":"client_credentials","client_id":"client-id-814469d5-919f-4b67-9360-5b777b040c73","client_secret":"client-secret-6ee09212619727161f73d5e3f853a7a28b98646d","username":"customer-id-814469d5-919f-4b67-9360-5b777b040c73","password":"pwd-test-1234567890"}} {"uid":"8d1fff6"}
[2019-04-27 03:57:56] maishapay-api.INFO: Creating a new client {"data":{"grant_type":"client_credentials","client_id":"client-id-814469d5-919f-4b67-9360-5b777b040c73","client_secret":"client-secret-6ee09212619727161f73d5e3f853a7a28b98646d","username":"customer-id-814469d5-919f-4b67-9360-5b777b040c73","password":"pwd-test-1234567890"}} {"uid":"f8b8a40"}
[2019-04-27 03:57:56] maishapay-api.INFO: Creating a new client {"data":{"grant_type":"client_credentials","client_id":"client-id-814469d5-919f-4b67-9360-5b777b040c73","client_secret":"client-secret-6ee09212619727161f73d5e3f853a7a28b98646d","username":"customer-id-814469d5-919f-4b67-9360-5b777b040c73","password":"pwd-test-1234567890"}} {"uid":"172d369"}
[2019-04-27 03:57:56] maishapay-api.INFO: Creating a new client {"data":{"grant_type":"client_credentials","client_id":"client-id-814469d5-919f-4b67-9360-5b777b040c73","client_secret":"client-secret-6ee09212619727161f73d5e3f853a7a28b98646d","username":"customer-id-814469d5-919f-4b67-9360-5b777b040c73","password":"pwd-test-1234567890"}} {"uid":"0388b01"}
[2019-04-27 03:57:57] maishapay-api.INFO: Creating a new client {"data":{"grant_type":"client_credentials","client_id":"client-id-814469d5-919f-4b67-9360-5b777b040c73","client_secret":"client-secret-6ee09212619727161f73d5e3f853a7a28b98646d","username":"customer-id-814469d5-919f-4b67-9360-5b777b040c73","password":"pwd-test-1234567890"}} {"uid":"4447c8e"}
[2019-04-27 03:57:57] maishapay-api.INFO: Creating a new client {"data":{"grant_type":"client_credentials","client_id":"client-id-814469d5-919f-4b67-9360-5b777b040c73","client_secret":"client-secret-6ee09212619727161f73d5e3f853a7a28b98646d","username":"customer-id-814469d5-919f-4b67-9360-5b777b040c73","password":"pwd-test-1234567890"}} {"uid":"0c47273"}
[2019-04-27 03:57:57] maishapay-api.INFO: Creating a new client {"data":{"grant_type":"client_credentials","client_id":"client-id-814469d5-919f-4b67-9360-5b777b040c73","client_secret":"client-secret-6ee09212619727161f73d5e3f853a7a28b98646d","username":"customer-id-814469d5-919f-4b67-9360-5b777b040c73","password":"pwd-test-1234567890"}} {"uid":"38170e7"}
[2019-04-27 03:58:00] maishapay-api.INFO: Creating a new client {"data":{"grant_type":"client_credentials","client_id":"client-id-814469d5-919f-4b67-9360-5b777b040c73","client_secret":"client-secret-6ee09212619727161f73d5e3f853a7a28b98646d","username":"customer-id-814469d5-919f-4b67-9360-5b777b040c73","password":"pwd-test-1234567890"}} {"uid":"4d99074"}
[2019-04-27 03:58:00] maishapay-api.INFO: Creating a new client {"data":{"grant_type":"client_credentials","client_id":"client-id-814469d5-919f-4b67-9360-5b777b040c73","client_secret":"client-secret-6ee09212619727161f73d5e3f853a7a28b98646d","username":"customer-id-814469d5-919f-4b67-9360-5b777b040c73","password":"pwd-test-1234567890"}} {"uid":"5e06a1c"}
[2019-04-27 03:58:01] maishapay-api.INFO: Creating a new client {"data":{"grant_type":"client_credentials","client_id":"client-id-814469d5-919f-4b67-9360-5b777b040c73","client_secret":"client-secret-6ee09212619727161f73d5e3f853a7a28b98646d","username":"customer-id-814469d5-919f-4b67-9360-5b777b040c73","password":"pwd-test-1234567890"}} {"uid":"0b18273"}
[2019-04-27 03:58:01] maishapay-api.INFO: Creating a new client {"data":{"grant_type":"client_credentials","client_id":"client-id-814469d5-919f-4b67-9360-5b777b040c73","client_secret":"client-secret-6ee09212619727161f73d5e3f853a7a28b98646d","username":"customer-id-814469d5-919f-4b67-9360-5b777b040c73","password":"pwd-test-1234567890"}} {"uid":"5b4a1cc"}
[2019-04-27 03:58:01] maishapay-api.INFO: Creating a new client {"data":{"grant_type":"client_credentials","client_id":"client-id-814469d5-919f-4b67-9360-5b777b040c73","client_secret":"client-secret-6ee09212619727161f73d5e3f853a7a28b98646d","username":"customer-id-814469d5-919f-4b67-9360-5b777b040c73","password":"pwd-test-1234567890"}} {"uid":"3f756cf"}
[2019-04-27 03:58:01] maishapay-api.INFO: Creating a new client {"data":{"grant_type":"client_credentials","client_id":"client-id-814469d5-919f-4b67-9360-5b777b040c73","client_secret":"client-secret-6ee09212619727161f73d5e3f853a7a28b98646d","username":"customer-id-814469d5-919f-4b67-9360-5b777b040c73","password":"pwd-test-1234567890"}} {"uid":"bcb155f"}
[2019-04-27 03:58:02] maishapay-api.INFO: Creating a new client {"data":{"grant_type":"client_credentials","client_id":"client-id-814469d5-919f-4b67-9360-5b777b040c73","client_secret":"client-secret-6ee09212619727161f73d5e3f853a7a28b98646d","username":"customer-id-814469d5-919f-4b67-9360-5b777b040c73","password":"pwd-test-1234567890"}} {"uid":"7e6ec4b"}
[2019-04-27 03:59:42] maishapay-api.INFO: Creating a new client {"data":{"grant_type":"client_credentials","client_id":"client-id-814469d5-919f-4b67-9360-5b777b040c73","client_secret":"client-secret-6ee09212619727161f73d5e3f853a7a28b98646d","username":"customer-id-814469d5-919f-4b67-9360-5b777b040c73","password":"pwd-test-1234567890"}} {"uid":"c72f74a"}
[2019-04-27 03:59:43] maishapay-api.INFO: Creating a new client {"data":{"grant_type":"client_credentials","client_id":"client-id-814469d5-919f-4b67-9360-5b777b040c73","client_secret":"client-secret-6ee09212619727161f73d5e3f853a7a28b98646d","username":"customer-id-814469d5-919f-4b67-9360-5b777b040c73","password":"pwd-test-1234567890"}} {"uid":"9600758"}
[2019-04-27 03:59:43] maishapay-api.INFO: Creating a new client {"data":{"grant_type":"client_credentials","client_id":"client-id-814469d5-919f-4b67-9360-5b777b040c73","client_secret":"client-secret-6ee09212619727161f73d5e3f853a7a28b98646d","username":"customer-id-814469d5-919f-4b67-9360-5b777b040c73","password":"pwd-test-1234567890"}} {"uid":"a30350b"}
[2019-04-27 03:59:45] maishapay-api.INFO: Creating a new client {"data":{"grant_type":"client_credentials","client_id":"client-id-814469d5-919f-4b67-9360-5b777b040c73","client_secret":"client-secret-6ee09212619727161f73d5e3f853a7a28b98646d","username":"customer-id-814469d5-919f-4b67-9360-5b777b040c73","password":"pwd-test-1234567890"}} {"uid":"9a4556b"}
[2019-04-27 03:59:45] maishapay-api.INFO: Creating a new client {"data":{"grant_type":"client_credentials","client_id":"client-id-814469d5-919f-4b67-9360-5b777b040c73","client_secret":"client-secret-6ee09212619727161f73d5e3f853a7a28b98646d","username":"customer-id-814469d5-919f-4b67-9360-5b777b040c73","password":"pwd-test-1234567890"}} {"uid":"47bebdb"}
[2019-04-27 03:59:46] maishapay-api.INFO: Creating a new client {"data":{"grant_type":"client_credentials","client_id":"client-id-814469d5-919f-4b67-9360-5b777b040c73","client_secret":"client-secret-6ee09212619727161f73d5e3f853a7a28b98646d","username":"customer-id-814469d5-919f-4b67-9360-5b777b040c73","password":"pwd-test-1234567890"}} {"uid":"1a11b76"}
[2019-04-27 03:59:46] maishapay-api.INFO: Creating a new client {"data":{"grant_type":"client_credentials","client_id":"client-id-814469d5-919f-4b67-9360-5b777b040c73","client_secret":"client-secret-6ee09212619727161f73d5e3f853a7a28b98646d","username":"customer-id-814469d5-919f-4b67-9360-5b777b040c73","password":"pwd-test-1234567890"}} {"uid":"b8a2f44"}
[2019-04-27 03:59:49] maishapay-api.INFO: Creating a new client {"data":{"grant_type":"client_credentials","client_id":"client-id-814469d5-919f-4b67-9360-5b777b040c73","client_secret":"client-secret-6ee09212619727161f73d5e3f853a7a28b98646d","username":"customer-id-814469d5-919f-4b67-9360-5b777b040c73","password":"pwd-test-1234567890"}} {"uid":"3c9b237"}
[2019-04-27 03:59:58] maishapay-api.INFO: Creating a new client {"data":{"grant_type":"client_credentials","client_id":"client-id-814469d5-919f-4b67-9360-5b777b040c73","client_secret":"client-secret-6ee09212619727161f73d5e3f853a7a28b98646d","username":"customer-id-814469d5-919f-4b67-9360-5b777b040c73","password":"pwd-test-1234567890"}} {"uid":"b9b3df8"}
[2019-04-27 03:59:59] maishapay-api.INFO: Creating a new client {"data":{"grant_type":"client_credentials","client_id":"client-id-814469d5-919f-4b67-9360-5b777b040c73","client_secret":"client-secret-6ee09212619727161f73d5e3f853a7a28b98646d","username":"customer-id-814469d5-919f-4b67-9360-5b777b040c73","password":"pwd-test-1234567890"}} {"uid":"e5abdbe"}
[2019-04-27 03:59:59] maishapay-api.INFO: Creating a new client {"data":{"grant_type":"client_credentials","client_id":"client-id-814469d5-919f-4b67-9360-5b777b040c73","client_secret":"client-secret-6ee09212619727161f73d5e3f853a7a28b98646d","username":"customer-id-814469d5-919f-4b67-9360-5b777b040c73","password":"pwd-test-1234567890"}} {"uid":"8d9f90c"}
[2019-04-27 03:59:59] maishapay-api.INFO: Creating a new client {"data":{"grant_type":"client_credentials","client_id":"client-id-814469d5-919f-4b67-9360-5b777b040c73","client_secret":"client-secret-6ee09212619727161f73d5e3f853a7a28b98646d","username":"customer-id-814469d5-919f-4b67-9360-5b777b040c73","password":"pwd-test-1234567890"}} {"uid":"71a439e"}
[2019-04-27 03:59:59] maishapay-api.INFO: Creating a new client {"data":{"grant_type":"client_credentials","client_id":"client-id-814469d5-919f-4b67-9360-5b777b040c73","client_secret":"client-secret-6ee09212619727161f73d5e3f853a7a28b98646d","username":"customer-id-814469d5-919f-4b67-9360-5b777b040c73","password":"pwd-test-1234567890"}} {"uid":"364af4e"}
[2019-04-27 04:00:00] maishapay-api.INFO: Creating a new client {"data":{"grant_type":"client_credentials","client_id":"client-id-814469d5-919f-4b67-9360-5b777b040c73","client_secret":"client-secret-6ee09212619727161f73d5e3f853a7a28b98646d","username":"customer-id-814469d5-919f-4b67-9360-5b777b040c73","password":"pwd-test-1234567890"}} {"uid":"e3388af"}
[2019-04-27 04:00:00] maishapay-api.INFO: Creating a new client {"data":{"grant_type":"client_credentials","client_id":"client-id-814469d5-919f-4b67-9360-5b777b040c73","client_secret":"client-secret-6ee09212619727161f73d5e3f853a7a28b98646d","username":"customer-id-814469d5-919f-4b67-9360-5b777b040c73","password":"pwd-test-1234567890"}} {"uid":"95f618b"}
[2019-04-27 04:00:00] maishapay-api.INFO: Creating a new client {"data":{"grant_type":"client_credentials","client_id":"client-id-814469d5-919f-4b67-9360-5b777b040c73","client_secret":"client-secret-6ee09212619727161f73d5e3f853a7a28b98646d","username":"customer-id-814469d5-919f-4b67-9360-5b777b040c73","password":"pwd-test-1234567890"}} {"uid":"2257859"}
[2019-04-27 04:00:00] maishapay-api.INFO: Creating a new client {"data":{"grant_type":"client_credentials","client_id":"client-id-814469d5-919f-4b67-9360-5b777b040c73","client_secret":"client-secret-6ee09212619727161f73d5e3f853a7a28b98646d","username":"customer-id-814469d5-919f-4b67-9360-5b777b040c73","password":"pwd-test-1234567890"}} {"uid":"532ce5a"}
[2019-04-27 04:00:08] maishapay-api.INFO: Creating a new client {"data":{"grant_type":"client_credentials","client_id":"client-id-814469d5-919f-4b67-9360-5b777b040c73","client_secret":"client-secret-6ee09212619727161f73d5e3f853a7a28b98646d","username":"customer-id-814469d5-919f-4b67-9360-5b777b040c73","password":"pwd-test-1234567890"}} {"uid":"64e4878"}
[2019-04-27 04:00:08] maishapay-api.INFO: Creating a new client {"data":{"grant_type":"client_credentials","client_id":"client-id-814469d5-919f-4b67-9360-5b777b040c73","client_secret":"client-secret-6ee09212619727161f73d5e3f853a7a28b98646d","username":"customer-id-814469d5-919f-4b67-9360-5b777b040c73","password":"pwd-test-1234567890"}} {"uid":"4a9de3b"}
[2019-04-27 04:00:09] maishapay-api.INFO: Creating a new client {"data":{"grant_type":"client_credentials","client_id":"client-id-814469d5-919f-4b67-9360-5b777b040c73","client_secret":"client-secret-6ee09212619727161f73d5e3f853a7a28b98646d","username":"customer-id-814469d5-919f-4b67-9360-5b777b040c73","password":"pwd-test-1234567890"}} {"uid":"194ae25"}
[2019-04-27 04:00:09] maishapay-api.INFO: Creating a new client {"data":{"grant_type":"client_credentials","client_id":"client-id-814469d5-919f-4b67-9360-5b777b040c73","client_secret":"client-secret-6ee09212619727161f73d5e3f853a7a28b98646d","username":"customer-id-814469d5-919f-4b67-9360-5b777b040c73","password":"pwd-test-1234567890"}} {"uid":"c63eacc"}
[2019-04-27 04:00:15] maishapay-api.INFO: Creating a new client {"data":{"grant_type":"client_credentials","client_id":"client-id-814469d5-919f-4b67-9360-5b777b040c73","client_secret":"client-secret-6ee09212619727161f73d5e3f853a7a28b98646d","username":"customer-id-814469d5-919f-4b67-9360-5b777b040c73","password":"pwd-test-1234567890"}} {"uid":"7c3b4df"}
[2019-04-27 04:00:15] maishapay-api.INFO: Creating a new client {"data":{"grant_type":"client_credentials","client_id":"client-id-814469d5-919f-4b67-9360-5b777b040c73","client_secret":"client-secret-6ee09212619727161f73d5e3f853a7a28b98646d","username":"customer-id-814469d5-919f-4b67-9360-5b777b040c73","password":"pwd-test-1234567890"}} {"uid":"26e1020"}
[2019-04-27 04:00:16] maishapay-api.INFO: Creating a new client {"data":{"grant_type":"client_credentials","client_id":"client-id-814469d5-919f-4b67-9360-5b777b040c73","client_secret":"client-secret-6ee09212619727161f73d5e3f853a7a28b98646d","username":"customer-id-814469d5-919f-4b67-9360-5b777b040c73","password":"pwd-test-1234567890"}} {"uid":"77f00e4"}
[2019-04-27 04:00:17] maishapay-api.INFO: Creating a new client {"data":{"grant_type":"client_credentials","client_id":"client-id-814469d5-919f-4b67-9360-5b777b040c73","client_secret":"client-secret-6ee09212619727161f73d5e3f853a7a28b98646d","username":"customer-id-814469d5-919f-4b67-9360-5b777b040c73","password":"pwd-test-1234567890"}} {"uid":"a2f4620"}
[2019-04-27 04:00:17] maishapay-api.INFO: Creating a new client {"data":{"grant_type":"client_credentials","client_id":"client-id-814469d5-919f-4b67-9360-5b777b040c73","client_secret":"client-secret-6ee09212619727161f73d5e3f853a7a28b98646d","username":"customer-id-814469d5-919f-4b67-9360-5b777b040c73","password":"pwd-test-1234567890"}} {"uid":"34ec419"}
[2019-04-27 04:00:17] maishapay-api.INFO: Creating a new client {"data":{"grant_type":"client_credentials","client_id":"client-id-814469d5-919f-4b67-9360-5b777b040c73","client_secret":"client-secret-6ee09212619727161f73d5e3f853a7a28b98646d","username":"customer-id-814469d5-919f-4b67-9360-5b777b040c73","password":"pwd-test-1234567890"}} {"uid":"69de700"}
[2019-04-27 04:00:17] maishapay-api.INFO: Creating a new client {"data":{"grant_type":"client_credentials","client_id":"client-id-814469d5-919f-4b67-9360-5b777b040c73","client_secret":"client-secret-6ee09212619727161f73d5e3f853a7a28b98646d","username":"customer-id-814469d5-919f-4b67-9360-5b777b040c73","password":"pwd-test-1234567890"}} {"uid":"e747043"}
[2019-04-27 04:00:17] maishapay-api.INFO: Creating a new client {"data":{"grant_type":"client_credentials","client_id":"client-id-814469d5-919f-4b67-9360-5b777b040c73","client_secret":"client-secret-6ee09212619727161f73d5e3f853a7a28b98646d","username":"customer-id-814469d5-919f-4b67-9360-5b777b040c73","password":"pwd-test-1234567890"}} {"uid":"7edbea2"}
[2019-04-27 04:04:04] maishapay-api.INFO: Creating a new client {"data":{"grant_type":"client_credentials","client_id":"client-id-814469d5-919f-4b67-9360-5b777b040c73","client_secret":"client-secret-6ee09212619727161f73d5e3f853a7a28b98646d","username":"customer-id-814469d5-919f-4b67-9360-5b777b040c73","password":"pwd-test-1234567890"}} {"uid":"fab9470"}
[2019-04-27 04:04:04] maishapay-api.INFO: Creating a new client {"data":{"grant_type":"client_credentials","client_id":"client-id-814469d5-919f-4b67-9360-5b777b040c73","client_secret":"client-secret-6ee09212619727161f73d5e3f853a7a28b98646d","username":"customer-id-814469d5-919f-4b67-9360-5b777b040c73","password":"pwd-test-1234567890"}} {"uid":"bea2c86"}
[2019-04-27 04:04:11] maishapay-api.INFO: Creating a new client {"data":{"grant_type":"client_credentials","client_id":"client-id-814469d5-919f-4b67-9360-5b777b040c73","client_secret":"client-secret-6ee09212619727161f73d5e3f853a7a28b98646d","username":"customer-id-814469d5-919f-4b67-9360-5b777b040c73","password":"pwd-test-1234567890"}} {"uid":"2225fa2"}
[2019-04-27 04:04:14] maishapay-api.INFO: Creating a new client {"data":{"grant_type":"client_credentials","client_id":"client-id-814469d5-919f-4b67-9360-5b777b040c73","client_secret":"client-secret-6ee09212619727161f73d5e3f853a7a28b98646d","username":"customer-id-814469d5-919f-4b67-9360-5b777b040c73","password":"pwd-test-1234567890"}} {"uid":"af69367"}
[2019-04-27 04:04:14] maishapay-api.INFO: Creating a new client {"data":{"grant_type":"client_credentials","client_id":"client-id-814469d5-919f-4b67-9360-5b777b040c73","client_secret":"client-secret-6ee09212619727161f73d5e3f853a7a28b98646d","username":"customer-id-814469d5-919f-4b67-9360-5b777b040c73","password":"pwd-test-1234567890"}} {"uid":"e7ea3c9"}
[2019-04-27 04:04:15] maishapay-api.INFO: Creating a new client {"data":{"grant_type":"client_credentials","client_id":"client-id-814469d5-919f-4b67-9360-5b777b040c73","client_secret":"client-secret-6ee09212619727161f73d5e3f853a7a28b98646d","username":"customer-id-814469d5-919f-4b67-9360-5b777b040c73","password":"pwd-test-1234567890"}} {"uid":"83fe2b2"}
[2019-04-27 04:04:15] maishapay-api.INFO: Creating a new client {"data":{"grant_type":"client_credentials","client_id":"client-id-814469d5-919f-4b67-9360-5b777b040c73","client_secret":"client-secret-6ee09212619727161f73d5e3f853a7a28b98646d","username":"customer-id-814469d5-919f-4b67-9360-5b777b040c73","password":"pwd-test-1234567890"}} {"uid":"de84a63"}
[2019-04-27 04:04:38] maishapay-api.INFO: Creating a new customer {"data":{"grant_type":"client_credentials","client_id":"client-id-814469d5-919f-4b67-9360-5b777b040c73","client_secret":"client-secret-6ee09212619727161f73d5e3f853a7a28b98646d","username":"customer-id-814469d5-919f-4b67-9360-5b777b040c73","password":"pwd-test-1234567890"}} {"uid":"866574a"}
[2019-04-27 04:04:38] maishapay-api.INFO: Creating a new customer {"data":{"grant_type":"client_credentials","client_id":"client-id-814469d5-919f-4b67-9360-5b777b040c73","client_secret":"client-secret-6ee09212619727161f73d5e3f853a7a28b98646d","username":"customer-id-814469d5-919f-4b67-9360-5b777b040c73","password":"pwd-test-1234567890"}} {"uid":"e414ddc"}
[2019-04-27 04:04:39] maishapay-api.INFO: Creating a new customer {"data":{"grant_type":"client_credentials","client_id":"client-id-814469d5-919f-4b67-9360-5b777b040c73","client_secret":"client-secret-6ee09212619727161f73d5e3f853a7a28b98646d","username":"customer-id-814469d5-919f-4b67-9360-5b777b040c73","password":"pwd-test-1234567890"}} {"uid":"99d97fe"}
[2019-04-27 04:04:39] maishapay-api.INFO: Creating a new customer {"data":{"grant_type":"client_credentials","client_id":"client-id-814469d5-919f-4b67-9360-5b777b040c73","client_secret":"client-secret-6ee09212619727161f73d5e3f853a7a28b98646d","username":"customer-id-814469d5-919f-4b67-9360-5b777b040c73","password":"pwd-test-1234567890"}} {"uid":"94af3c6"}
[2019-04-27 04:04:39] maishapay-api.INFO: Creating a new customer {"data":{"grant_type":"client_credentials","client_id":"client-id-814469d5-919f-4b67-9360-5b777b040c73","client_secret":"client-secret-6ee09212619727161f73d5e3f853a7a28b98646d","username":"customer-id-814469d5-919f-4b67-9360-5b777b040c73","password":"pwd-test-1234567890"}} {"uid":"221374d"}
[2019-04-27 04:04:39] maishapay-api.INFO: Creating a new customer {"data":{"grant_type":"client_credentials","client_id":"client-id-814469d5-919f-4b67-9360-5b777b040c73","client_secret":"client-secret-6ee09212619727161f73d5e3f853a7a28b98646d","username":"customer-id-814469d5-919f-4b67-9360-5b777b040c73","password":"pwd-test-1234567890"}} {"uid":"19d888b"}
[2019-04-27 04:04:39] maishapay-api.INFO: Creating a new customer {"data":{"grant_type":"client_credentials","client_id":"client-id-814469d5-919f-4b67-9360-5b777b040c73","client_secret":"client-secret-6ee09212619727161f73d5e3f853a7a28b98646d","username":"customer-id-814469d5-919f-4b67-9360-5b777b040c73","password":"pwd-test-1234567890"}} {"uid":"a1e88e2"}
[2019-04-27 04:04:40] maishapay-api.INFO: Creating a new customer {"data":{"grant_type":"client_credentials","client_id":"client-id-814469d5-919f-4b67-9360-5b777b040c73","client_secret":"client-secret-6ee09212619727161f73d5e3f853a7a28b98646d","username":"customer-id-814469d5-919f-4b67-9360-5b777b040c73","password":"pwd-test-1234567890"}} {"uid":"ba2c118"}
[2019-04-27 04:04:40] maishapay-api.INFO: Creating a new customer {"data":{"grant_type":"client_credentials","client_id":"client-id-814469d5-919f-4b67-9360-5b777b040c73","client_secret":"client-secret-6ee09212619727161f73d5e3f853a7a28b98646d","username":"customer-id-814469d5-919f-4b67-9360-5b777b040c73","password":"pwd-test-1234567890"}} {"uid":"757ff1d"}
[2019-04-27 04:04:51] maishapay-api.INFO: Creating a new customer {"data":{"grant_type":"client_credentials","client_id":"client-id-814469d5-919f-4b67-9360-5b777b040c73","client_secret":"client-secret-6ee09212619727161f73d5e3f853a7a28b98646d","username":"customer-id-814469d5-919f-4b67-9360-5b777b040c73","password":"pwd-test-1234567890"}} {"uid":"2321f48"}
[2019-04-27 04:04:52] maishapay-api.INFO: Creating a new customer {"data":{"grant_type":"client_credentials","client_id":"client-id-814469d5-919f-4b67-9360-5b777b040c73","client_secret":"client-secret-6ee09212619727161f73d5e3f853a7a28b98646d","username":"customer-id-814469d5-919f-4b67-9360-5b777b040c73","password":"pwd-test-1234567890"}} {"uid":"9a686af"}
[2019-04-27 04:04:52] maishapay-api.INFO: Creating a new customer {"data":{"grant_type":"client_credentials","client_id":"client-id-814469d5-919f-4b67-9360-5b777b040c73","client_secret":"client-secret-6ee09212619727161f73d5e3f853a7a28b98646d","username":"customer-id-814469d5-919f-4b67-9360-5b777b040c73","password":"pwd-test-1234567890"}} {"uid":"3d45db1"}
[2019-04-27 04:04:53] maishapay-api.INFO: Creating a new customer {"data":{"grant_type":"client_credentials","client_id":"client-id-814469d5-919f-4b67-9360-5b777b040c73","client_secret":"client-secret-6ee09212619727161f73d5e3f853a7a28b98646d","username":"customer-id-814469d5-919f-4b67-9360-5b777b040c73","password":"pwd-test-1234567890"}} {"uid":"9e8bb23"}
[2019-04-27 04:04:53] maishapay-api.INFO: Creating a new customer {"data":{"grant_type":"client_credentials","client_id":"client-id-814469d5-919f-4b67-9360-5b777b040c73","client_secret":"client-secret-6ee09212619727161f73d5e3f853a7a28b98646d","username":"customer-id-814469d5-919f-4b67-9360-5b777b040c73","password":"pwd-test-1234567890"}} {"uid":"37ced84"}
[2019-04-27 04:04:53] maishapay-api.INFO: Creating a new customer {"data":{"grant_type":"client_credentials","client_id":"client-id-814469d5-919f-4b67-9360-5b777b040c73","client_secret":"client-secret-6ee09212619727161f73d5e3f853a7a28b98646d","username":"customer-id-814469d5-919f-4b67-9360-5b777b040c73","password":"pwd-test-1234567890"}} {"uid":"fd50eaf"}
[2019-04-27 04:04:54] maishapay-api.INFO: Creating a new customer {"data":{"grant_type":"client_credentials","client_id":"client-id-814469d5-919f-4b67-9360-5b777b040c73","client_secret":"client-secret-6ee09212619727161f73d5e3f853a7a28b98646d","username":"customer-id-814469d5-919f-4b67-9360-5b777b040c73","password":"pwd-test-1234567890"}} {"uid":"f67a5ad"}
[2019-04-27 04:04:54] maishapay-api.INFO: Creating a new customer {"data":{"grant_type":"client_credentials","client_id":"client-id-814469d5-919f-4b67-9360-5b777b040c73","client_secret":"client-secret-6ee09212619727161f73d5e3f853a7a28b98646d","username":"customer-id-814469d5-919f-4b67-9360-5b777b040c73","password":"pwd-test-1234567890"}} {"uid":"d0a4c2d"}
[2019-04-27 04:04:54] maishapay-api.INFO: Creating a new customer {"data":{"grant_type":"client_credentials","client_id":"client-id-814469d5-919f-4b67-9360-5b777b040c73","client_secret":"client-secret-6ee09212619727161f73d5e3f853a7a28b98646d","username":"customer-id-814469d5-919f-4b67-9360-5b777b040c73","password":"pwd-test-1234567890"}} {"uid":"62b40b1"}
[2019-04-27 04:04:56] maishapay-api.INFO: Creating a new customer {"data":{"grant_type":"client_credentials","client_id":"client-id-814469d5-919f-4b67-9360-5b777b040c73","client_secret":"client-secret-6ee09212619727161f73d5e3f853a7a28b98646d","username":"customer-id-814469d5-919f-4b67-9360-5b777b040c73","password":"pwd-test-1234567890"}} {"uid":"89e8bee"}
[2019-04-27 04:28:34] maishapay-api.INFO: Creating a new customer {"data":{"grant_type":"client_credentials","client_id":"client-id-814469d5-919f-4b67-9360-5b777b040c73","client_secret":"client-secret-6ee09212619727161f73d5e3f853a7a28b98646d","username":"customer-id-814469d5-919f-4b67-9360-5b777b040c73","password":"pwd-test-1234567890"}} {"uid":"9a12c3b"}
[2019-04-27 04:28:35] maishapay-api.INFO: Creating a new customer {"data":{"grant_type":"client_credentials","client_id":"client-id-814469d5-919f-4b67-9360-5b777b040c73","client_secret":"client-secret-6ee09212619727161f73d5e3f853a7a28b98646d","username":"customer-id-814469d5-919f-4b67-9360-5b777b040c73","password":"pwd-test-1234567890"}} {"uid":"1800c7b"}
[2019-04-27 04:28:35] maishapay-api.INFO: Creating a new customer {"data":{"grant_type":"client_credentials","client_id":"client-id-814469d5-919f-4b67-9360-5b777b040c73","client_secret":"client-secret-6ee09212619727161f73d5e3f853a7a28b98646d","username":"customer-id-814469d5-919f-4b67-9360-5b777b040c73","password":"pwd-test-1234567890"}} {"uid":"4fcec58"}
[2019-04-27 04:28:35] maishapay-api.INFO: Creating a new customer {"data":{"grant_type":"client_credentials","client_id":"client-id-814469d5-919f-4b67-9360-5b777b040c73","client_secret":"client-secret-6ee09212619727161f73d5e3f853a7a28b98646d","username":"customer-id-814469d5-919f-4b67-9360-5b777b040c73","password":"pwd-test-1234567890"}} {"uid":"9d6cef7"}
[2019-04-27 04:28:36] maishapay-api.INFO: Creating a new customer {"data":{"grant_type":"client_credentials","client_id":"client-id-814469d5-919f-4b67-9360-5b777b040c73","client_secret":"client-secret-6ee09212619727161f73d5e3f853a7a28b98646d","username":"customer-id-814469d5-919f-4b67-9360-5b777b040c73","password":"pwd-test-1234567890"}} {"uid":"1d26bcb"}
[2019-04-27 04:28:36] maishapay-api.INFO: Creating a new customer {"data":{"grant_type":"client_credentials","client_id":"client-id-814469d5-919f-4b67-9360-5b777b040c73","client_secret":"client-secret-6ee09212619727161f73d5e3f853a7a28b98646d","username":"customer-id-814469d5-919f-4b67-9360-5b777b040c73","password":"pwd-test-1234567890"}} {"uid":"07d86b7"}
[2019-04-27 04:28:36] maishapay-api.INFO: Creating a new customer {"data":{"grant_type":"client_credentials","client_id":"client-id-814469d5-919f-4b67-9360-5b777b040c73","client_secret":"client-secret-6ee09212619727161f73d5e3f853a7a28b98646d","username":"customer-id-814469d5-919f-4b67-9360-5b777b040c73","password":"pwd-test-1234567890"}} {"uid":"3201411"}
[2019-04-27 04:28:36] maishapay-api.INFO: Creating a new customer {"data":{"grant_type":"client_credentials","client_id":"client-id-814469d5-919f-4b67-9360-5b777b040c73","client_secret":"client-secret-6ee09212619727161f73d5e3f853a7a28b98646d","username":"customer-id-814469d5-919f-4b67-9360-5b777b040c73","password":"pwd-test-1234567890"}} {"uid":"ef4d9be"}
[2019-04-27 04:28:36] maishapay-api.INFO: Creating a new customer {"data":{"grant_type":"client_credentials","client_id":"client-id-814469d5-919f-4b67-9360-5b777b040c73","client_secret":"client-secret-6ee09212619727161f73d5e3f853a7a28b98646d","username":"customer-id-814469d5-919f-4b67-9360-5b777b040c73","password":"pwd-test-1234567890"}} {"uid":"19b04f5"}
[2019-04-27 04:28:37] maishapay-api.INFO: Creating a new customer {"data":{"grant_type":"client_credentials","client_id":"client-id-814469d5-919f-4b67-9360-5b777b040c73","client_secret":"client-secret-6ee09212619727161f73d5e3f853a7a28b98646d","username":"customer-id-814469d5-919f-4b67-9360-5b777b040c73","password":"pwd-test-1234567890"}} {"uid":"90163b3"}
[2019-04-27 04:28:37] maishapay-api.INFO: Creating a new customer {"data":{"grant_type":"client_credentials","client_id":"client-id-814469d5-919f-4b67-9360-5b777b040c73","client_secret":"client-secret-6ee09212619727161f73d5e3f853a7a28b98646d","username":"customer-id-814469d5-919f-4b67-9360-5b777b040c73","password":"pwd-test-1234567890"}} {"uid":"c84072e"}
[2019-04-27 04:28:37] maishapay-api.INFO: Creating a new customer {"data":{"grant_type":"client_credentials","client_id":"client-id-814469d5-919f-4b67-9360-5b777b040c73","client_secret":"client-secret-6ee09212619727161f73d5e3f853a7a28b98646d","username":"customer-id-814469d5-919f-4b67-9360-5b777b040c73","password":"pwd-test-1234567890"}} {"uid":"36f8821"}
[2019-04-27 04:28:37] maishapay-api.INFO: Creating a new customer {"data":{"grant_type":"client_credentials","client_id":"client-id-814469d5-919f-4b67-9360-5b777b040c73","client_secret":"client-secret-6ee09212619727161f73d5e3f853a7a28b98646d","username":"customer-id-814469d5-919f-4b67-9360-5b777b040c73","password":"pwd-test-1234567890"}} {"uid":"4fcccc4"}
[2019-04-27 04:28:38] maishapay-api.INFO: Creating a new customer {"data":{"grant_type":"client_credentials","client_id":"client-id-814469d5-919f-4b67-9360-5b777b040c73","client_secret":"client-secret-6ee09212619727161f73d5e3f853a7a28b98646d","username":"customer-id-814469d5-919f-4b67-9360-5b777b040c73","password":"pwd-test-1234567890"}} {"uid":"668d1d2"}
[2019-04-27 04:28:38] maishapay-api.INFO: Creating a new customer {"data":{"grant_type":"client_credentials","client_id":"client-id-814469d5-919f-4b67-9360-5b777b040c73","client_secret":"client-secret-6ee09212619727161f73d5e3f853a7a28b98646d","username":"customer-id-814469d5-919f-4b67-9360-5b777b040c73","password":"pwd-test-1234567890"}} {"uid":"f49d218"}
[2019-04-27 04:28:38] maishapay-api.INFO: Creating a new customer {"data":{"grant_type":"client_credentials","client_id":"client-id-814469d5-919f-4b67-9360-5b777b040c73","client_secret":"client-secret-6ee09212619727161f73d5e3f853a7a28b98646d","username":"customer-id-814469d5-919f-4b67-9360-5b777b040c73","password":"pwd-test-1234567890"}} {"uid":"5a692c8"}
[2019-04-27 04:28:39] maishapay-api.INFO: Creating a new customer {"data":{"grant_type":"client_credentials","client_id":"client-id-814469d5-919f-4b67-9360-5b777b040c73","client_secret":"client-secret-6ee09212619727161f73d5e3f853a7a28b98646d","username":"customer-id-814469d5-919f-4b67-9360-5b777b040c73","password":"pwd-test-1234567890"}} {"uid":"80f52da"}
[2019-04-27 04:28:39] maishapay-api.INFO: Creating a new customer {"data":{"grant_type":"client_credentials","client_id":"client-id-814469d5-919f-4b67-9360-5b777b040c73","client_secret":"client-secret-6ee09212619727161f73d5e3f853a7a28b98646d","username":"customer-id-814469d5-919f-4b67-9360-5b777b040c73","password":"pwd-test-1234567890"}} {"uid":"ec78219"}
[2019-04-27 04:28:39] maishapay-api.INFO: Creating a new customer {"data":{"grant_type":"client_credentials","client_id":"client-id-814469d5-919f-4b67-9360-5b777b040c73","client_secret":"client-secret-6ee09212619727161f73d5e3f853a7a28b98646d","username":"customer-id-814469d5-919f-4b67-9360-5b777b040c73","password":"pwd-test-1234567890"}} {"uid":"47bb2bd"}
[2019-04-27 04:28:40] maishapay-api.INFO: Creating a new customer {"data":{"grant_type":"client_credentials","client_id":"client-id-814469d5-919f-4b67-9360-5b777b040c73","client_secret":"client-secret-6ee09212619727161f73d5e3f853a7a28b98646d","username":"customer-id-814469d5-919f-4b67-9360-5b777b040c73","password":"pwd-test-1234567890"}} {"uid":"3ca0a35"}
[2019-04-27 04:28:40] maishapay-api.INFO: Creating a new customer {"data":{"grant_type":"client_credentials","client_id":"client-id-814469d5-919f-4b67-9360-5b777b040c73","client_secret":"client-secret-6ee09212619727161f73d5e3f853a7a28b98646d","username":"customer-id-814469d5-919f-4b67-9360-5b777b040c73","password":"pwd-test-1234567890"}} {"uid":"46f0c71"}
[2019-04-27 04:28:57] maishapay-api.INFO: Creating a new customer {"data":{"grant_type":"client_credentials","client_id":"client-id-814469d5-919f-4b67-9360-5b777b040c73","client_secret":"client-secret-6ee09212619727161f73d5e3f853a7a28b98646d","username":"customer-id-814469d5-919f-4b67-9360-5b777b040c73","password":"pwd-test-1234567890"}} {"uid":"7d67413"}
[2019-04-27 04:28:58] maishapay-api.INFO: Creating a new customer {"data":{"grant_type":"client_credentials","client_id":"client-id-814469d5-919f-4b67-9360-5b777b040c73","client_secret":"client-secret-6ee09212619727161f73d5e3f853a7a28b98646d","username":"customer-id-814469d5-919f-4b67-9360-5b777b040c73","password":"pwd-test-1234567890"}} {"uid":"814c942"}
[2019-04-27 04:28:58] maishapay-api.INFO: Creating a new customer {"data":{"grant_type":"client_credentials","client_id":"client-id-814469d5-919f-4b67-9360-5b777b040c73","client_secret":"client-secret-6ee09212619727161f73d5e3f853a7a28b98646d","username":"customer-id-814469d5-919f-4b67-9360-5b777b040c73","password":"pwd-test-1234567890"}} {"uid":"0d4c82d"}
[2019-04-27 04:31:41] maishapay-api.INFO: Processing '/' route [] {"uid":"d523ee7"}
[2019-04-27 04:53:06] maishapay-api.INFO: Processing '/' route [] {"uid":"e58a934"}
[2019-04-27 04:53:07] maishapay-api.INFO: Processing '/' route [] {"uid":"21ea4f6"}
[2019-04-27 04:53:07] maishapay-api.INFO: Processing '/' route [] {"uid":"ffb3387"}
[2019-04-27 04:53:07] maishapay-api.INFO: Processing '/' route [] {"uid":"8124225"}
[2019-04-27 04:53:07] maishapay-api.INFO: Processing '/' route [] {"uid":"11130eb"}
[2019-04-27 04:53:07] maishapay-api.INFO: Processing '/' route [] {"uid":"e996f40"}
[2019-04-27 05:16:14] maishapay-api.INFO: Creating a new client {"data":null} {"uid":"8b8917b"}
[2019-04-27 05:18:32] maishapay-api.INFO: Creating a new client {"data":null} {"uid":"c9c03a8"}
[2019-04-27 05:18:38] maishapay-api.INFO: Creating a new client {"data":null} {"uid":"ac3ff7f"}
[2019-04-27 05:22:38] maishapay-api.INFO: Creating a new client {"data":null} {"uid":"25754c0"}
[2019-04-27 05:24:21] maishapay-api.INFO: Creating a new client {"data":null} {"uid":"a6f5190"}
[2019-04-27 05:36:36] maishapay-api.INFO: Creating a new client {"data":null} {"uid":"45b3a87"}
[2019-04-27 06:05:37] maishapay-api.INFO: Creating a new client {"data":null} {"uid":"b8af6da"}
[2019-04-27 06:13:56] maishapay-api.INFO: Creating a new client {"data":null} {"uid":"3ee830c"}
[2019-04-27 06:14:19] maishapay-api.INFO: Creating a new client {"data":null} {"uid":"a19561a"}
[2019-04-27 06:14:27] maishapay-api.INFO: Creating a new client {"data":null} {"uid":"e791205"}
[2019-04-27 06:14:33] maishapay-api.INFO: Creating a new client {"data":null} {"uid":"3894f71"}
[2019-04-27 06:14:47] maishapay-api.INFO: Creating a new client {"data":null} {"uid":"9e67f0f"}
[2019-04-27 06:14:50] maishapay-api.INFO: Creating a new client {"data":null} {"uid":"dab514c"}
[2019-04-27 06:17:33] maishapay-api.INFO: Creating a new client {"data":null} {"uid":"308028d"}
[2019-04-27 06:19:31] maishapay-api.INFO: Creating a new client {"data":null} {"uid":"ab1daa5"}
[2019-04-27 06:35:01] maishapay-api.INFO: Creating a new client {"data":null} {"uid":"be9006d"}
[2019-04-27 06:35:06] maishapay-api.INFO: Creating a new client {"data":null} {"uid":"4a9f759"}
[2019-04-27 06:36:13] maishapay-api.INFO: Creating a new client {"data":null} {"uid":"c11ed64"}
[2019-04-27 06:37:10] maishapay-api.INFO: Creating a new client {"data":null} {"uid":"ded994e"}
[2019-04-27 06:43:14] maishapay-api.INFO: Creating a new client {"data":null} {"uid":"38764e8"}
[2019-04-27 06:46:34] maishapay-api.INFO: Creating a new client {"data":null} {"uid":"c82051e"}
[2019-04-27 06:53:09] maishapay-api.INFO: Creating a new client {"data":null} {"uid":"5ebcab9"}
[2019-04-27 06:56:17] maishapay-api.INFO: Creating a new client {"data":{"client_status":"active_status","call_limit":50,"redirect_uri":"http://maishapay.online/","grant_types":"client_credentials","scope":"read_account transfer_money","customer_uuid":"client-id-814469d5-919f-4b67-9360-5b777b040c00"}} {"uid":"5208c5e"}
[2019-04-27 07:10:33] maishapay-api.INFO: Creating a new client {"data":{"client_status":"active_status","call_limit":50,"redirect_uri":"http://maishapay.online/","grant_types":"client_credentials","scope":"read_account transfer_money","customer_uuid":"client-id-814469d5-919f-4b67-9360-5b777b040c00"}} {"uid":"cf84487"}
[2019-04-27 07:22:58] maishapay-api.INFO: Creating a new client {"data":{"client_status":"active_status","call_limit":50,"redirect_uri":"http://maishapay.online/","grant_types":"client_credentials","scope":"read_account transfer_money","customer_uuid":"client-id-814469d5-919f-4b67-9360-5b777b040c00"}} {"uid":"9137c78"}
[2019-04-27 07:33:54] maishapay-api.INFO: Creating a new client {"data":{"client_status":"active_status","call_limit":50,"redirect_uri":"http://maishapay.online/","grant_types":"client_credentials","scope":"read_account transfer_money","customer_uuid":"client-id-814469d5-919f-4b67-9360-5b777b040c00"}} {"uid":"bb54752"}
[2019-04-27 07:34:55] maishapay-api.INFO: Creating a new client {"data":{"client_status":"active_status","call_limit":50,"redirect_uri":"http://maishapay.online/","grant_types":"client_credentials","scope":"read_account transfer_money","customer_uuid":"client-id-814469d5-919f-4b67-9360-5b777b040c00"}} {"uid":"dba3c3f"}
[2019-04-27 07:37:59] maishapay-api.INFO: Creating a new client {"data":{"client_status":"active_status","call_limit":50,"redirect_uri":"http://maishapay.online/","grant_types":"client_credentials","scope":"read_account transfer_money","customer_uuid":"client-id-814469d5-919f-4b67-9360-5b777b040c00"}} {"uid":"8ef477c"}
[2019-04-27 07:38:32] maishapay-api.INFO: Creating a new client {"data":{"client_status":"active_status","call_limit":50,"redirect_uri":"http://maishapay.online/","grant_types":"client_credentials","scope":"read_account transfer_money","customer_uuid":"client-id-814469d5-919f-4b67-9360-5b777b040c00"}} {"uid":"19cd71b"}
[2019-04-27 07:38:36] maishapay-api.INFO: Creating a new client {"data":{"client_status":"active_status","call_limit":50,"redirect_uri":"http://maishapay.online/","grant_types":"client_credentials","scope":"read_account transfer_money","customer_uuid":"client-id-814469d5-919f-4b67-9360-5b777b040c00"}} {"uid":"6446eda"}
[2019-04-27 07:38:37] maishapay-api.INFO: Creating a new client {"data":{"client_status":"active_status","call_limit":50,"redirect_uri":"http://maishapay.online/","grant_types":"client_credentials","scope":"read_account transfer_money","customer_uuid":"client-id-814469d5-919f-4b67-9360-5b777b040c00"}} {"uid":"c353c61"}
[2019-04-27 07:38:39] maishapay-api.INFO: Creating a new client {"data":{"client_status":"active_status","call_limit":50,"redirect_uri":"http://maishapay.online/","grant_types":"client_credentials","scope":"read_account transfer_money","customer_uuid":"client-id-814469d5-919f-4b67-9360-5b777b040c00"}} {"uid":"c77e4e2"}
[2019-04-27 07:38:40] maishapay-api.INFO: Creating a new client {"data":{"client_status":"active_status","call_limit":50,"redirect_uri":"http://maishapay.online/","grant_types":"client_credentials","scope":"read_account transfer_money","customer_uuid":"client-id-814469d5-919f-4b67-9360-5b777b040c00"}} {"uid":"283b8f2"}
[2019-04-27 07:38:41] maishapay-api.INFO: Creating a new client {"data":{"client_status":"active_status","call_limit":50,"redirect_uri":"http://maishapay.online/","grant_types":"client_credentials","scope":"read_account transfer_money","customer_uuid":"client-id-814469d5-919f-4b67-9360-5b777b040c00"}} {"uid":"f28dc74"}
[2019-04-27 08:10:06] maishapay-api.INFO: Creating a new client {"data":{"client_status":"active_status","call_limit":50,"redirect_uri":"http://maishapay.online/","grant_types":"client_credentials","scope":"read_account transfer_money","customer_uuid":"client-id-814469d5-919f-4b67-9360-5b777b040c00"}} {"uid":"4019339"}
[2019-04-27 08:12:06] maishapay-api.INFO: Creating a new client {"data":{"client_status":"active_status","call_limit":50,"redirect_uri":"http://maishapay.online/","grant_types":"client_credentials","scope":"read_account transfer_money","customer_uuid":"client-id-814469d5-919f-4b67-9360-5b777b040c00"}} {"uid":"6ad9e59"}
